2024-08-30 16:10:54,695 - Simulation line re-entered the bounds at time 6.06 hours.
2024-08-30 16:10:55,213 - Simulation line left the lower bound at time 6.30 hours. Time out of bounds: 0.24 hours.
2024-08-30 16:10:55,744 - Simulation line re-entered the bounds at time 6.55 hours.
2024-08-30 16:10:56,273 - Simulation line left the lower bound at time 6.79 hours. Time out of bounds: 0.24 hours.
2024-08-30 16:12:04,476 - Simulation line re-entered the bounds at time 5.58 hours.
2024-08-30 16:12:09,724 - Simulation line left the lower bound at time 8.00 hours. Time out of bounds: 2.42 hours.
2024-08-30 16:14:27,978 - Simulation line left the lower bound at time 7.76 hours. Time out of bounds: 7.52 hours.
2024-08-30 16:14:27,978 - Simulation line re-entered the bounds at time 7.76 hours.
2024-08-30 16:15:32,153 - Simulation line left the lower bound at time 6.79 hours. Time out of bounds: 6.55 hours.
2024-08-30 16:15:32,154 - Simulation line re-entered the bounds at time 6.79 hours.
2024-08-30 16:15:33,198 - Simulation line left the lower bound at time 7.27 hours. Time out of bounds: 0.48 hours.
2024-08-30 16:15:33,199 - Simulation line re-entered the bounds at time 7.27 hours.
2024-08-30 16:20:38,492 - Simulation line left the lower bound at time 3.64 hours.
2024-08-30 16:20:50,027 - Simulation line re-entered the lower bound at time 8.97 hours. Time out of bounds: 8.73 hours.
2024-08-30 16:31:23,366 - Simulation line left the lower bound at time 3.15 hours.
2024-08-30 16:31:33,363 - Simulation line re-entered the lower bound at time 7.76 hours. Time out of bounds: 7.52 hours.
2024-08-30 16:36:13,583 - Simulation line left the lower bound at time 4.12 hours.
2024-08-30 16:36:20,443 - Simulation line re-entered the lower bound at time 7.27 hours.
2024-08-30 16:56:10,213 - Simulation line left the lower bound at time 4.12 hours.
2024-08-30 16:56:14,985 - Simulation line re-entered the lower bound at time 6.30 hours.
2024-08-30 16:57:26,491 - Simulation line left the lower bound at time 4.12 hours.
2024-08-30 16:58:29,618 - Simulation line left the lower bound at time 3.64 hours.
2024-08-30 16:58:39,098 - Simulation line re-entered the lower bound at time 8.00 hours.
2024-08-30 17:05:41,553 - Simulation line left the lower bound at time 3.64 hours.
2024-08-30 17:05:51,037 - Simulation line re-entered the lower bound at time 8.00 hours.
2024-08-30 17:07:43,760 - Simulation line left the lower bound at time 3.64 hours.
2024-08-30 17:07:44,806 - Critical Error: Simulation shows no significant growth after 4 hours!
2024-08-30 17:08:47,194 - Simulation line left the lower bound at time 3.64 hours.
2024-08-30 17:08:56,654 - Simulation line re-entered the lower bound at time 8.00 hours.
2024-08-30 17:09:29,608 - Simulation line left the lower bound at time 3.64 hours.
2024-08-30 17:09:30,654 - Critical Error: Simulation shows no significant growth after 4 hours!
2024-08-30 17:13:10,097 - Simulation line left the lower bound at time 4.12 hours.
2024-08-30 17:13:44,279 - Simulation line left the lower bound at time 4.12 hours.
2024-08-30 17:13:44,280 - Critical Error: Simulation shows no significant growth after 4 hours!
2024-08-30 17:14:18,552 - Simulation line re-entered the lower bound at time 19.88 hours.
2024-08-30 22:21:19,271 - Critical Error: Simulation shows no significant growth after 4 hours!
2024-08-30 22:21:20,331 - Simulation line left the lower bound at time 4.61 hours.
2024-09-02 14:44:15,729 - Simulation line left the lower bound at time 3.64 hours.
2024-09-02 14:44:25,366 - Simulation line re-entered the lower bound at time 8.00 hours.
2024-09-02 14:45:21,568 - Critical Error: Simulation shows no significant growth after 4 hours!
2024-09-02 14:45:22,652 - Simulation line left the lower bound at time 4.61 hours.
2024-09-02 14:45:34,365 - Simulation line re-entered the lower bound at time 9.94 hours.
2024-09-02 15:13:13,917 - Simulation line left the lower bound at time 3.64 hours.
2024-09-02 15:13:17,183 - Critical Error: Simulation shows no significant growth after 4 hours!
2024-09-02 15:15:09,757 - Simulation line left the lower bound at time 3.64 hours.
2024-09-02 15:15:13,008 - Critical Error: Simulation shows no significant growth after 4 hours!
2024-09-02 15:15:36,230 - Simulation line re-entered the lower bound at time 15.52 hours.
2024-09-02 15:16:10,000 - Critical Error: Simulation shows no significant growth after 4 hours!
2024-09-02 15:17:31,808 - Critical Error: Simulation shows no significant growth after 4 hours!
2024-09-02 15:19:35,787 - Critical Error: Simulation shows no significant growth after 4 hours!
2024-09-02 15:19:36,867 - Simulation line left the lower bound at time 4.61 hours.
2024-09-02 15:19:37,945 - Critical Error: Simulation shows no significant growth after 4 hours!
2024-09-02 15:23:43,323 - Simulation line left the lower bound at time 3.64 hours.
2024-09-02 15:23:44,949 - Critical Error: Simulation shows no significant growth after 4 hours!
2024-09-02 15:27:01,713 - Simulation line left the lower bound at time 3.64 hours.
2024-09-02 15:27:03,338 - Critical Error: Simulation shows no significant growth after 4 hours!
2024-09-02 15:27:30,535 - Simulation line left the upper bound at time 1.70 hours.
2024-09-02 15:27:57,279 - Critical Error: Simulation shows no significant growth after 4 hours!
2024-09-02 15:28:13,112 - Simulation line left the lower bound at time 11.15 hours.
2024-09-02 15:28:32,802 - Simulation line re-entered the lower bound at time 19.88 hours.
2024-09-02 15:31:00,935 - Simulation line left the lower bound at time 3.64 hours.
2024-09-02 15:31:04,179 - Critical Error: Simulation shows no significant growth after 4 hours!
2024-09-02 16:09:31,354 - Simulation line left the lower bound at time 3.64 hours.
2024-09-02 16:09:40,892 - Simulation line re-entered the lower bound at time 8.00 hours.
2024-09-02 16:10:30,617 - Simulation line left the lower bound at time 3.64 hours.
2024-09-02 16:10:33,772 - Critical Error: Simulation shows no significant growth after 4 hours!
2024-09-02 16:10:46,914 - Simulation line re-entered the lower bound at time 11.15 hours.
2024-09-02 16:16:04,922 - Simulation line left the lower bound at time 3.64 hours.
2024-09-02 16:16:14,430 - Simulation line re-entered the lower bound at time 8.00 hours.
2024-09-02 16:26:09,735 - Animation.save using <class 'matplotlib.animation.PillowWriter'>
2024-09-02 16:26:10,384 - Simulation line left the lower bound at time 3.64 hours.
2024-09-02 16:26:11,149 - Simulation line re-entered the lower bound at time 8.00 hours.
2024-09-02 16:28:27,589 - Animation.save using <class 'matplotlib.animation.PillowWriter'>
2024-09-02 16:28:28,326 - Simulation line left the lower bound at time 4.12 hours.
2024-09-02 16:28:28,707 - Simulation line re-entered the lower bound at time 6.30 hours.
2024-09-02 16:29:09,954 - Animation.save using <class 'matplotlib.animation.PillowWriter'>
2024-09-02 16:29:10,598 - Simulation line left the upper bound at time 3.88 hours.
2024-09-02 16:29:10,640 - Simulation line re-entered the upper bound at time 4.12 hours.
2024-09-02 16:29:10,685 - Simulation line left the upper bound at time 4.36 hours.
2024-09-02 16:29:11,423 - Simulation line re-entered the upper bound at time 8.73 hours.
2024-09-02 16:29:13,924 - Warning: Simulation line is approaching the upper bound within 0.5 hours at time 23.52 hours.
2024-09-02 16:29:13,968 - Warning: Simulation line is approaching the upper bound within 0.5 hours at time 23.76 hours.
2024-09-02 16:29:14,009 - Warning: Simulation line is approaching the upper bound within 0.5 hours at time 24.00 hours.
2024-09-02 16:30:38,093 - Critical Error: Simulation shows no significant growth after 4 hours!
2024-09-02 16:30:39,136 - Simulation line left the lower bound at time 4.61 hours.
2024-09-02 16:30:48,096 - Simulation line re-entered the lower bound at time 8.73 hours.
2024-09-02 16:31:33,404 - Animation.save using <class 'matplotlib.animation.PillowWriter'>
2024-09-02 16:31:34,360 - Simulation line left the upper bound at time 5.33 hours.
2024-09-02 16:31:34,404 - Simulation line re-entered the upper bound at time 5.58 hours.
2024-09-02 16:31:34,451 - Simulation line left the upper bound at time 5.82 hours.
2024-09-02 16:31:34,778 - Simulation line re-entered the upper bound at time 7.52 hours.
2024-09-02 16:32:57,403 - Animation.save using <class 'matplotlib.animation.PillowWriter'>
2024-09-02 16:32:58,054 - Simulation line left the lower bound at time 3.64 hours.
2024-09-02 16:32:58,308 - Critical Error: Simulation shows no significant growth after 4 hours!
2024-09-02 16:33:01,019 - Simulation line re-entered the lower bound at time 20.61 hours.
2024-09-02 16:34:15,001 - Animation.save using <class 'matplotlib.animation.PillowWriter'>
2024-09-02 16:34:15,656 - Simulation line left the lower bound at time 3.64 hours.
2024-09-02 16:34:15,920 - Critical Error: Simulation shows no significant growth after 4 hours!
2024-09-02 16:34:17,366 - Simulation line re-entered the lower bound at time 13.33 hours.
